[0.181s] DEBUG:colcon:Command line arguments: ['/usr/bin/colcon', 'build']
[0.182s] DEBUG:colcon:Parsed command line arguments: Namespace(log_base=None, log_level=None, verb_name='build', build_base='build', install_base='install', merge_install=False, symlink_install=False, test_result_base=None, continue_on_error=False, executor='parallel', parallel_workers=28, event_handlers=None, ignore_user_meta=False, metas=['./colcon.meta'], base_paths=['.'], packages_ignore=None, packages_ignore_regex=None, paths=None, packages_up_to=None, packages_up_to_regex=None, packages_above=None, packages_above_and_dependencies=None, packages_above_depth=None, packages_select_by_dep=None, packages_skip_by_dep=None, packages_skip_up_to=None, packages_select_build_failed=False, packages_skip_build_finished=False, packages_select_test_failures=False, packages_skip_test_passed=False, packages_select=None, packages_skip=None, packages_select_regex=None, packages_skip_regex=None, packages_start=None, packages_end=None, allow_overriding=[], cmake_args=None, cmake_target=None, cmake_target_skip_unavailable=False, cmake_clean_cache=False, cmake_clean_first=False, cmake_force_configure=False, ament_cmake_args=None, catkin_cmake_args=None, catkin_skip_building_tests=False, verb_parser=<colcon_defaults.argument_parser.defaults.DefaultArgumentsDecorator object at 0x738478a33070>, verb_extension=<colcon_core.verb.build.BuildVerb object at 0x738478a32b60>, main=<bound method BuildVerb.main of <colcon_core.verb.build.BuildVerb object at 0x738478a32b60>>)
[0.316s] Level 1:colcon.colcon_core.package_discovery:discover_packages(colcon_meta) check parameters
[0.316s] Level 1:colcon.colcon_core.package_discovery:discover_packages(recursive) check parameters
[0.316s] Level 1:colcon.colcon_core.package_discovery:discover_packages(ignore) check parameters
[0.316s] Level 1:colcon.colcon_core.package_discovery:discover_packages(path) check parameters
[0.316s] Level 1:colcon.colcon_core.package_discovery:discover_packages(colcon_meta) discover
[0.316s] Level 1:colcon.colcon_core.package_discovery:discover_packages(recursive) discover
[0.316s] INFO:colcon.colcon_core.package_discovery:Crawling recursively for packages in '/home/tukorea/ros2_ws'
[0.316s] Level 1:colcon.colcon_core.package_identification:_identify(.) by extensions ['ignore', 'ignore_ament_install']
[0.316s] Level 1:colcon.colcon_core.package_identification:_identify(.) by extension 'ignore'
[0.316s] Level 1:colcon.colcon_core.package_identification:_identify(.) by extension 'ignore_ament_install'
[0.316s] Level 1:colcon.colcon_core.package_identification:_identify(.) by extensions ['colcon_pkg']
[0.316s] Level 1:colcon.colcon_core.package_identification:_identify(.) by extension 'colcon_pkg'
[0.316s] Level 1:colcon.colcon_core.package_identification:_identify(.) by extensions ['colcon_meta']
[0.316s] Level 1:colcon.colcon_core.package_identification:_identify(.) by extension 'colcon_meta'
[0.316s] Level 1:colcon.colcon_core.package_identification:_identify(.) by extensions ['ros']
[0.316s] Level 1:colcon.colcon_core.package_identification:_identify(.) by extension 'ros'
[0.325s] Level 1:colcon.colcon_core.package_identification:_identify(.) by extensions ['cmake', 'python']
[0.325s] Level 1:colcon.colcon_core.package_identification:_identify(.) by extension 'cmake'
[0.325s] Level 1:colcon.colcon_core.package_identification:_identify(.) by extension 'python'
[0.325s] Level 1:colcon.colcon_core.package_identification:_identify(.) by extensions ['python_setup_py']
[0.325s] Level 1:colcon.colcon_core.package_identification:_identify(.) by extension 'python_setup_py'
[0.325s] Level 1:colcon.colcon_core.package_identification:_identify(build) by extensions ['ignore', 'ignore_ament_install']
[0.325s] Level 1:colcon.colcon_core.package_identification:_identify(build) by extension 'ignore'
[0.325s] Level 1:colcon.colcon_core.package_identification:_identify(build) ignored
[0.325s] Level 1:colcon.colcon_core.package_identification:_identify(install) by extensions ['ignore', 'ignore_ament_install']
[0.325s] Level 1:colcon.colcon_core.package_identification:_identify(install) by extension 'ignore'
[0.325s] Level 1:colcon.colcon_core.package_identification:_identify(install) ignored
[0.325s] Level 1:colcon.colcon_core.package_identification:_identify(log) by extensions ['ignore', 'ignore_ament_install']
[0.325s] Level 1:colcon.colcon_core.package_identification:_identify(log) by extension 'ignore'
[0.325s] Level 1:colcon.colcon_core.package_identification:_identify(log) ignored
[0.325s] Level 1:colcon.colcon_core.package_identification:_identify(src) by extensions ['ignore', 'ignore_ament_install']
[0.325s] Level 1:colcon.colcon_core.package_identification:_identify(src) by extension 'ignore'
[0.325s] Level 1:colcon.colcon_core.package_identification:_identify(src) by extension 'ignore_ament_install'
[0.325s] Level 1:colcon.colcon_core.package_identification:_identify(src) by extensions ['colcon_pkg']
[0.325s] Level 1:colcon.colcon_core.package_identification:_identify(src) by extension 'colcon_pkg'
[0.325s] Level 1:colcon.colcon_core.package_identification:_identify(src) by extensions ['colcon_meta']
[0.325s] Level 1:colcon.colcon_core.package_identification:_identify(src) by extension 'colcon_meta'
[0.325s] Level 1:colcon.colcon_core.package_identification:_identify(src) by extensions ['ros']
[0.325s] Level 1:colcon.colcon_core.package_identification:_identify(src) by extension 'ros'
[0.325s] Level 1:colcon.colcon_core.package_identification:_identify(src) by extensions ['cmake', 'python']
[0.325s] Level 1:colcon.colcon_core.package_identification:_identify(src) by extension 'cmake'
[0.325s] Level 1:colcon.colcon_core.package_identification:_identify(src) by extension 'python'
[0.325s] Level 1:colcon.colcon_core.package_identification:_identify(src) by extensions ['python_setup_py']
[0.325s] Level 1:colcon.colcon_core.package_identification:_identify(src) by extension 'python_setup_py'
[0.325s] Level 1:colcon.colcon_core.package_identification:_identify(src/dss_ros2_bridge) by extensions ['ignore', 'ignore_ament_install']
[0.326s] Level 1:colcon.colcon_core.package_identification:_identify(src/dss_ros2_bridge) by extension 'ignore'
[0.326s] Level 1:colcon.colcon_core.package_identification:_identify(src/dss_ros2_bridge) by extension 'ignore_ament_install'
[0.326s] Level 1:colcon.colcon_core.package_identification:_identify(src/dss_ros2_bridge) by extensions ['colcon_pkg']
[0.326s] Level 1:colcon.colcon_core.package_identification:_identify(src/dss_ros2_bridge) by extension 'colcon_pkg'
[0.326s] Level 1:colcon.colcon_core.package_identification:_identify(src/dss_ros2_bridge) by extensions ['colcon_meta']
[0.326s] Level 1:colcon.colcon_core.package_identification:_identify(src/dss_ros2_bridge) by extension 'colcon_meta'
[0.326s] Level 1:colcon.colcon_core.package_identification:_identify(src/dss_ros2_bridge) by extensions ['ros']
[0.326s] Level 1:colcon.colcon_core.package_identification:_identify(src/dss_ros2_bridge) by extension 'ros'
[0.326s] Level 1:colcon.colcon_core.package_identification:_identify(src/dss_ros2_bridge) by extensions ['cmake', 'python']
[0.326s] Level 1:colcon.colcon_core.package_identification:_identify(src/dss_ros2_bridge) by extension 'cmake'
[0.326s] Level 1:colcon.colcon_core.package_identification:_identify(src/dss_ros2_bridge) by extension 'python'
[0.326s] Level 1:colcon.colcon_core.package_identification:_identify(src/dss_ros2_bridge) by extensions ['python_setup_py']
[0.326s] Level 1:colcon.colcon_core.package_identification:_identify(src/dss_ros2_bridge) by extension 'python_setup_py'
[0.326s] Level 1:colcon.colcon_core.package_identification:_identify(src/dss_ros2_bridge/dss_ros2_bridge) by extensions ['ignore', 'ignore_ament_install']
[0.326s] Level 1:colcon.colcon_core.package_identification:_identify(src/dss_ros2_bridge/dss_ros2_bridge) by extension 'ignore'
[0.326s] Level 1:colcon.colcon_core.package_identification:_identify(src/dss_ros2_bridge/dss_ros2_bridge) by extension 'ignore_ament_install'
[0.326s] Level 1:colcon.colcon_core.package_identification:_identify(src/dss_ros2_bridge/dss_ros2_bridge) by extensions ['colcon_pkg']
[0.326s] Level 1:colcon.colcon_core.package_identification:_identify(src/dss_ros2_bridge/dss_ros2_bridge) by extension 'colcon_pkg'
[0.326s] Level 1:colcon.colcon_core.package_identification:_identify(src/dss_ros2_bridge/dss_ros2_bridge) by extensions ['colcon_meta']
[0.326s] Level 1:colcon.colcon_core.package_identification:_identify(src/dss_ros2_bridge/dss_ros2_bridge) by extension 'colcon_meta'
[0.326s] Level 1:colcon.colcon_core.package_identification:_identify(src/dss_ros2_bridge/dss_ros2_bridge) by extensions ['ros']
[0.326s] Level 1:colcon.colcon_core.package_identification:_identify(src/dss_ros2_bridge/dss_ros2_bridge) by extension 'ros'
[0.328s] DEBUG:colcon.colcon_core.package_identification:Package 'src/dss_ros2_bridge/dss_ros2_bridge' with type 'ros.ament_cmake' and name 'dss_ros2_bridge'
[0.328s] Level 1:colcon.colcon_core.package_identification:_identify(src/dss_ros2_bridge/proto) by extensions ['ignore', 'ignore_ament_install']
[0.328s] Level 1:colcon.colcon_core.package_identification:_identify(src/dss_ros2_bridge/proto) by extension 'ignore'
[0.328s] Level 1:colcon.colcon_core.package_identification:_identify(src/dss_ros2_bridge/proto) by extension 'ignore_ament_install'
[0.328s] Level 1:colcon.colcon_core.package_identification:_identify(src/dss_ros2_bridge/proto) by extensions ['colcon_pkg']
[0.328s] Level 1:colcon.colcon_core.package_identification:_identify(src/dss_ros2_bridge/proto) by extension 'colcon_pkg'
[0.328s] Level 1:colcon.colcon_core.package_identification:_identify(src/dss_ros2_bridge/proto) by extensions ['colcon_meta']
[0.328s] Level 1:colcon.colcon_core.package_identification:_identify(src/dss_ros2_bridge/proto) by extension 'colcon_meta'
[0.328s] Level 1:colcon.colcon_core.package_identification:_identify(src/dss_ros2_bridge/proto) by extensions ['ros']
[0.328s] Level 1:colcon.colcon_core.package_identification:_identify(src/dss_ros2_bridge/proto) by extension 'ros'
[0.328s] Level 1:colcon.colcon_core.package_identification:_identify(src/dss_ros2_bridge/proto) by extensions ['cmake', 'python']
[0.328s] Level 1:colcon.colcon_core.package_identification:_identify(src/dss_ros2_bridge/proto) by extension 'cmake'
[0.328s] Level 1:colcon.colcon_core.package_identification:_identify(src/dss_ros2_bridge/proto) by extension 'python'
[0.328s] Level 1:colcon.colcon_core.package_identification:_identify(src/dss_ros2_bridge/proto) by extensions ['python_setup_py']
[0.328s] Level 1:colcon.colcon_core.package_identification:_identify(src/dss_ros2_bridge/proto) by extension 'python_setup_py'
[0.328s] Level 1:colcon.colcon_core.package_identification:_identify(src/dss_ros2_bridge/proto/grpc) by extensions ['ignore', 'ignore_ament_install']
[0.328s] Level 1:colcon.colcon_core.package_identification:_identify(src/dss_ros2_bridge/proto/grpc) by extension 'ignore'
[0.328s] Level 1:colcon.colcon_core.package_identification:_identify(src/dss_ros2_bridge/proto/grpc) by extension 'ignore_ament_install'
[0.328s] Level 1:colcon.colcon_core.package_identification:_identify(src/dss_ros2_bridge/proto/grpc) by extensions ['colcon_pkg']
[0.328s] Level 1:colcon.colcon_core.package_identification:_identify(src/dss_ros2_bridge/proto/grpc) by extension 'colcon_pkg'
[0.328s] Level 1:colcon.colcon_core.package_identification:_identify(src/dss_ros2_bridge/proto/grpc) by extensions ['colcon_meta']
[0.328s] Level 1:colcon.colcon_core.package_identification:_identify(src/dss_ros2_bridge/proto/grpc) by extension 'colcon_meta'
[0.329s] Level 1:colcon.colcon_core.package_identification:_identify(src/dss_ros2_bridge/proto/grpc) by extensions ['ros']
[0.329s] Level 1:colcon.colcon_core.package_identification:_identify(src/dss_ros2_bridge/proto/grpc) by extension 'ros'
[0.329s] Level 1:colcon.colcon_core.package_identification:_identify(src/dss_ros2_bridge/proto/grpc) by extensions ['cmake', 'python']
[0.329s] Level 1:colcon.colcon_core.package_identification:_identify(src/dss_ros2_bridge/proto/grpc) by extension 'cmake'
[0.329s] Level 1:colcon.colcon_core.package_identification:_identify(src/dss_ros2_bridge/proto/grpc) by extension 'python'
[0.329s] Level 1:colcon.colcon_core.package_identification:_identify(src/dss_ros2_bridge/proto/grpc) by extensions ['python_setup_py']
[0.329s] Level 1:colcon.colcon_core.package_identification:_identify(src/dss_ros2_bridge/proto/grpc) by extension 'python_setup_py'
[0.329s] Level 1:colcon.colcon_core.package_identification:_identify(src/dss_ros2_bridge/proto/grpc/grpc) by extensions ['ignore', 'ignore_ament_install']
[0.329s] Level 1:colcon.colcon_core.package_identification:_identify(src/dss_ros2_bridge/proto/grpc/grpc) by extension 'ignore'
[0.329s] Level 1:colcon.colcon_core.package_identification:_identify(src/dss_ros2_bridge/proto/grpc/grpc) by extension 'ignore_ament_install'
[0.329s] Level 1:colcon.colcon_core.package_identification:_identify(src/dss_ros2_bridge/proto/grpc/grpc) by extensions ['colcon_pkg']
[0.329s] Level 1:colcon.colcon_core.package_identification:_identify(src/dss_ros2_bridge/proto/grpc/grpc) by extension 'colcon_pkg'
[0.329s] Level 1:colcon.colcon_core.package_identification:_identify(src/dss_ros2_bridge/proto/grpc/grpc) by extensions ['colcon_meta']
[0.329s] Level 1:colcon.colcon_core.package_identification:_identify(src/dss_ros2_bridge/proto/grpc/grpc) by extension 'colcon_meta'
[0.329s] Level 1:colcon.colcon_core.package_identification:_identify(src/dss_ros2_bridge/proto/grpc/grpc) by extensions ['ros']
[0.329s] Level 1:colcon.colcon_core.package_identification:_identify(src/dss_ros2_bridge/proto/grpc/grpc) by extension 'ros'
[0.329s] Level 1:colcon.colcon_core.package_identification:_identify(src/dss_ros2_bridge/proto/grpc/grpc) by extensions ['cmake', 'python']
[0.329s] Level 1:colcon.colcon_core.package_identification:_identify(src/dss_ros2_bridge/proto/grpc/grpc) by extension 'cmake'
[0.329s] Level 1:colcon.colcon_core.package_identification:_identify(src/dss_ros2_bridge/proto/grpc/grpc) by extension 'python'
[0.329s] Level 1:colcon.colcon_core.package_identification:_identify(src/dss_ros2_bridge/proto/grpc/grpc) by extensions ['python_setup_py']
[0.329s] Level 1:colcon.colcon_core.package_identification:_identify(src/dss_ros2_bridge/proto/grpc/grpc) by extension 'python_setup_py'
[0.329s] Level 1:colcon.colcon_core.package_identification:_identify(src/dss_ros2_bridge/proto/grpc/protobuf) by extensions ['ignore', 'ignore_ament_install']
[0.329s] Level 1:colcon.colcon_core.package_identification:_identify(src/dss_ros2_bridge/proto/grpc/protobuf) by extension 'ignore'
[0.329s] Level 1:colcon.colcon_core.package_identification:_identify(src/dss_ros2_bridge/proto/grpc/protobuf) by extension 'ignore_ament_install'
[0.329s] Level 1:colcon.colcon_core.package_identification:_identify(src/dss_ros2_bridge/proto/grpc/protobuf) by extensions ['colcon_pkg']
[0.329s] Level 1:colcon.colcon_core.package_identification:_identify(src/dss_ros2_bridge/proto/grpc/protobuf) by extension 'colcon_pkg'
[0.329s] Level 1:colcon.colcon_core.package_identification:_identify(src/dss_ros2_bridge/proto/grpc/protobuf) by extensions ['colcon_meta']
[0.329s] Level 1:colcon.colcon_core.package_identification:_identify(src/dss_ros2_bridge/proto/grpc/protobuf) by extension 'colcon_meta'
[0.329s] Level 1:colcon.colcon_core.package_identification:_identify(src/dss_ros2_bridge/proto/grpc/protobuf) by extensions ['ros']
[0.329s] Level 1:colcon.colcon_core.package_identification:_identify(src/dss_ros2_bridge/proto/grpc/protobuf) by extension 'ros'
[0.329s] Level 1:colcon.colcon_core.package_identification:_identify(src/dss_ros2_bridge/proto/grpc/protobuf) by extensions ['cmake', 'python']
[0.329s] Level 1:colcon.colcon_core.package_identification:_identify(src/dss_ros2_bridge/proto/grpc/protobuf) by extension 'cmake'
[0.329s] Level 1:colcon.colcon_core.package_identification:_identify(src/dss_ros2_bridge/proto/grpc/protobuf) by extension 'python'
[0.329s] Level 1:colcon.colcon_core.package_identification:_identify(src/dss_ros2_bridge/proto/grpc/protobuf) by extensions ['python_setup_py']
[0.329s] Level 1:colcon.colcon_core.package_identification:_identify(src/dss_ros2_bridge/proto/grpc/protobuf) by extension 'python_setup_py'
[0.329s] Level 1:colcon.colcon_core.package_identification:_identify(src/dss_ros2_bridge/proto/grpc/upb) by extensions ['ignore', 'ignore_ament_install']
[0.329s] Level 1:colcon.colcon_core.package_identification:_identify(src/dss_ros2_bridge/proto/grpc/upb) by extension 'ignore'
[0.329s] Level 1:colcon.colcon_core.package_identification:_identify(src/dss_ros2_bridge/proto/grpc/upb) by extension 'ignore_ament_install'
[0.329s] Level 1:colcon.colcon_core.package_identification:_identify(src/dss_ros2_bridge/proto/grpc/upb) by extensions ['colcon_pkg']
[0.329s] Level 1:colcon.colcon_core.package_identification:_identify(src/dss_ros2_bridge/proto/grpc/upb) by extension 'colcon_pkg'
[0.329s] Level 1:colcon.colcon_core.package_identification:_identify(src/dss_ros2_bridge/proto/grpc/upb) by extensions ['colcon_meta']
[0.329s] Level 1:colcon.colcon_core.package_identification:_identify(src/dss_ros2_bridge/proto/grpc/upb) by extension 'colcon_meta'
[0.329s] Level 1:colcon.colcon_core.package_identification:_identify(src/dss_ros2_bridge/proto/grpc/upb) by extensions ['ros']
[0.329s] Level 1:colcon.colcon_core.package_identification:_identify(src/dss_ros2_bridge/proto/grpc/upb) by extension 'ros'
[0.329s] Level 1:colcon.colcon_core.package_identification:_identify(src/dss_ros2_bridge/proto/grpc/upb) by extensions ['cmake', 'python']
[0.329s] Level 1:colcon.colcon_core.package_identification:_identify(src/dss_ros2_bridge/proto/grpc/upb) by extension 'cmake'
[0.329s] Level 1:colcon.colcon_core.package_identification:_identify(src/dss_ros2_bridge/proto/grpc/upb) by extension 'python'
[0.329s] Level 1:colcon.colcon_core.package_identification:_identify(src/dss_ros2_bridge/proto/grpc/upb) by extensions ['python_setup_py']
[0.329s] Level 1:colcon.colcon_core.package_identification:_identify(src/dss_ros2_bridge/proto/grpc/upb) by extension 'python_setup_py'
[0.329s] Level 1:colcon.colcon_core.package_discovery:discover_packages(recursive) using defaults
[0.329s] Level 1:colcon.colcon_core.package_discovery:discover_packages(ignore) discover
[0.329s] Level 1:colcon.colcon_core.package_discovery:discover_packages(ignore) using defaults
[0.329s] Level 1:colcon.colcon_core.package_discovery:discover_packages(path) discover
[0.329s] Level 1:colcon.colcon_core.package_discovery:discover_packages(path) using defaults
[0.344s] Level 1:colcon.colcon_core.package_discovery:discover_packages(prefix_path) check parameters
[0.344s] Level 1:colcon.colcon_core.package_discovery:discover_packages(prefix_path) discover
[0.346s] DEBUG:colcon.colcon_installed_package_information.package_discovery:Found 312 installed packages in /opt/ros/humble
[0.351s] Level 1:colcon.colcon_core.package_discovery:discover_packages(prefix_path) using defaults
[0.369s] Level 5:colcon.colcon_core.verb:set package 'dss_ros2_bridge' build argument 'cmake_args' from command line to 'None'
[0.370s] Level 5:colcon.colcon_core.verb:set package 'dss_ros2_bridge' build argument 'cmake_target' from command line to 'None'
[0.370s] Level 5:colcon.colcon_core.verb:set package 'dss_ros2_bridge' build argument 'cmake_target_skip_unavailable' from command line to 'False'
[0.370s] Level 5:colcon.colcon_core.verb:set package 'dss_ros2_bridge' build argument 'cmake_clean_cache' from command line to 'False'
[0.370s] Level 5:colcon.colcon_core.verb:set package 'dss_ros2_bridge' build argument 'cmake_clean_first' from command line to 'False'
[0.370s] Level 5:colcon.colcon_core.verb:set package 'dss_ros2_bridge' build argument 'cmake_force_configure' from command line to 'False'
[0.370s] Level 5:colcon.colcon_core.verb:set package 'dss_ros2_bridge' build argument 'ament_cmake_args' from command line to 'None'
[0.370s] Level 5:colcon.colcon_core.verb:set package 'dss_ros2_bridge' build argument 'catkin_cmake_args' from command line to 'None'
[0.370s] Level 5:colcon.colcon_core.verb:set package 'dss_ros2_bridge' build argument 'catkin_skip_building_tests' from command line to 'False'
[0.370s] DEBUG:colcon.colcon_core.verb:Building package 'dss_ros2_bridge' with the following arguments: {'ament_cmake_args': None, 'build_base': '/home/tukorea/ros2_ws/build/dss_ros2_bridge', 'catkin_cmake_args': None, 'catkin_skip_building_tests': False, 'cmake_args': None, 'cmake_clean_cache': False, 'cmake_clean_first': False, 'cmake_force_configure': False, 'cmake_target': None, 'cmake_target_skip_unavailable': False, 'install_base': '/home/tukorea/ros2_ws/install/dss_ros2_bridge', 'merge_install': False, 'path': '/home/tukorea/ros2_ws/src/dss_ros2_bridge/dss_ros2_bridge', 'symlink_install': False, 'test_result_base': None}
[0.370s] INFO:colcon.colcon_core.executor:Executing jobs using 'parallel' executor
[0.370s] DEBUG:colcon.colcon_parallel_executor.executor.parallel:run_until_complete
[0.370s] INFO:colcon.colcon_ros.task.ament_cmake.build:Building ROS package in '/home/tukorea/ros2_ws/src/dss_ros2_bridge/dss_ros2_bridge' with build type 'ament_cmake'
[0.370s] INFO:colcon.colcon_cmake.task.cmake.build:Building CMake package in '/home/tukorea/ros2_ws/src/dss_ros2_bridge/dss_ros2_bridge'
[0.375s] INFO:colcon.colcon_core.plugin_system:Skipping extension 'colcon_core.shell.bat': Not used on non-Windows systems
[0.375s] INFO:colcon.colcon_core.shell:Skip shell extension 'powershell' for command environment: Not usable outside of PowerShell
[0.375s] DEBUG:colcon.colcon_core.shell:Skip shell extension 'dsv' for command environment
[0.380s] DEBUG:colcon.colcon_core.event_handler.log_command:Invoking command in '/home/tukorea/ros2_ws/build/dss_ros2_bridge': CMAKE_PREFIX_PATH=/opt/ros/humble /usr/bin/cmake /home/tukorea/ros2_ws/src/dss_ros2_bridge/dss_ros2_bridge -DCMAKE_INSTALL_PREFIX=/home/tukorea/ros2_ws/install/dss_ros2_bridge
[2.854s] DEBUG:colcon.colcon_core.event_handler.log_command:Invoked command in '/home/tukorea/ros2_ws/build/dss_ros2_bridge' returned '0': CMAKE_PREFIX_PATH=/opt/ros/humble /usr/bin/cmake /home/tukorea/ros2_ws/src/dss_ros2_bridge/dss_ros2_bridge -DCMAKE_INSTALL_PREFIX=/home/tukorea/ros2_ws/install/dss_ros2_bridge
[2.854s] DEBUG:colcon.colcon_core.event_handler.log_command:Invoking command in '/home/tukorea/ros2_ws/build/dss_ros2_bridge': CMAKE_PREFIX_PATH=/opt/ros/humble /usr/bin/cmake --build /home/tukorea/ros2_ws/build/dss_ros2_bridge -- -j28 -l28
[5.754s] DEBUG:colcon.colcon_core.event_handler.log_command:Invoked command in '/home/tukorea/ros2_ws/build/dss_ros2_bridge' returned '0': CMAKE_PREFIX_PATH=/opt/ros/humble /usr/bin/cmake --build /home/tukorea/ros2_ws/build/dss_ros2_bridge -- -j28 -l28
[5.759s] DEBUG:colcon.colcon_core.event_handler.log_command:Invoking command in '/home/tukorea/ros2_ws/build/dss_ros2_bridge': CMAKE_PREFIX_PATH=/opt/ros/humble /usr/bin/cmake --install /home/tukorea/ros2_ws/build/dss_ros2_bridge
[5.810s] Level 1:colcon.colcon_core.environment:create_environment_scripts_only(dss_ros2_bridge)
[5.810s] DEBUG:colcon.colcon_core.event_handler.log_command:Invoked command in '/home/tukorea/ros2_ws/build/dss_ros2_bridge' returned '0': CMAKE_PREFIX_PATH=/opt/ros/humble /usr/bin/cmake --install /home/tukorea/ros2_ws/build/dss_ros2_bridge
[5.815s] Level 1:colcon.colcon_core.environment:checking '/home/tukorea/ros2_ws/install/dss_ros2_bridge' for CMake module files
[5.815s] Level 1:colcon.colcon_core.environment:checking '/home/tukorea/ros2_ws/install/dss_ros2_bridge' for CMake config files
[5.815s] Level 1:colcon.colcon_core.shell:create_environment_hook('dss_ros2_bridge', 'cmake_prefix_path')
[5.816s] INFO:colcon.colcon_core.shell:Creating environment hook '/home/tukorea/ros2_ws/install/dss_ros2_bridge/share/dss_ros2_bridge/hook/cmake_prefix_path.ps1'
[5.816s] INFO:colcon.colcon_core.shell:Creating environment descriptor '/home/tukorea/ros2_ws/install/dss_ros2_bridge/share/dss_ros2_bridge/hook/cmake_prefix_path.dsv'
[5.817s] INFO:colcon.colcon_core.shell:Creating environment hook '/home/tukorea/ros2_ws/install/dss_ros2_bridge/share/dss_ros2_bridge/hook/cmake_prefix_path.sh'
[5.817s] Level 1:colcon.colcon_core.environment:checking '/home/tukorea/ros2_ws/install/dss_ros2_bridge/lib'
[5.817s] Level 1:colcon.colcon_core.shell:create_environment_hook('dss_ros2_bridge', 'ld_library_path_lib')
[5.817s] INFO:colcon.colcon_core.shell:Creating environment hook '/home/tukorea/ros2_ws/install/dss_ros2_bridge/share/dss_ros2_bridge/hook/ld_library_path_lib.ps1'
[5.818s] INFO:colcon.colcon_core.shell:Creating environment descriptor '/home/tukorea/ros2_ws/install/dss_ros2_bridge/share/dss_ros2_bridge/hook/ld_library_path_lib.dsv'
[5.818s] INFO:colcon.colcon_core.shell:Creating environment hook '/home/tukorea/ros2_ws/install/dss_ros2_bridge/share/dss_ros2_bridge/hook/ld_library_path_lib.sh'
[5.818s] Level 1:colcon.colcon_core.environment:checking '/home/tukorea/ros2_ws/install/dss_ros2_bridge/bin'
[5.818s] Level 1:colcon.colcon_core.environment:checking '/home/tukorea/ros2_ws/install/dss_ros2_bridge/lib/pkgconfig/dss_ros2_bridge.pc'
[5.818s] Level 1:colcon.colcon_core.environment:checking '/home/tukorea/ros2_ws/install/dss_ros2_bridge/lib/python3.10/site-packages'
[5.818s] Level 1:colcon.colcon_core.environment:checking '/home/tukorea/ros2_ws/install/dss_ros2_bridge/bin'
[5.818s] INFO:colcon.colcon_core.shell:Creating package script '/home/tukorea/ros2_ws/install/dss_ros2_bridge/share/dss_ros2_bridge/package.ps1'
[5.819s] INFO:colcon.colcon_core.shell:Creating package descriptor '/home/tukorea/ros2_ws/install/dss_ros2_bridge/share/dss_ros2_bridge/package.dsv'
[5.819s] INFO:colcon.colcon_core.shell:Creating package script '/home/tukorea/ros2_ws/install/dss_ros2_bridge/share/dss_ros2_bridge/package.sh'
[5.820s] INFO:colcon.colcon_core.shell:Creating package script '/home/tukorea/ros2_ws/install/dss_ros2_bridge/share/dss_ros2_bridge/package.bash'
[5.821s] INFO:colcon.colcon_core.shell:Creating package script '/home/tukorea/ros2_ws/install/dss_ros2_bridge/share/dss_ros2_bridge/package.zsh'
[5.821s] Level 1:colcon.colcon_core.environment:create_file_with_runtime_dependencies(/home/tukorea/ros2_ws/install/dss_ros2_bridge/share/colcon-core/packages/dss_ros2_bridge)
[5.822s] Level 1:colcon.colcon_core.environment:create_environment_scripts_only(dss_ros2_bridge)
[5.822s] Level 1:colcon.colcon_core.environment:checking '/home/tukorea/ros2_ws/install/dss_ros2_bridge' for CMake module files
[5.822s] Level 1:colcon.colcon_core.environment:checking '/home/tukorea/ros2_ws/install/dss_ros2_bridge' for CMake config files
[5.822s] Level 1:colcon.colcon_core.shell:create_environment_hook('dss_ros2_bridge', 'cmake_prefix_path')
[5.822s] INFO:colcon.colcon_core.shell:Creating environment hook '/home/tukorea/ros2_ws/install/dss_ros2_bridge/share/dss_ros2_bridge/hook/cmake_prefix_path.ps1'
[5.822s] INFO:colcon.colcon_core.shell:Creating environment descriptor '/home/tukorea/ros2_ws/install/dss_ros2_bridge/share/dss_ros2_bridge/hook/cmake_prefix_path.dsv'
[5.823s] INFO:colcon.colcon_core.shell:Creating environment hook '/home/tukorea/ros2_ws/install/dss_ros2_bridge/share/dss_ros2_bridge/hook/cmake_prefix_path.sh'
[5.823s] Level 1:colcon.colcon_core.environment:checking '/home/tukorea/ros2_ws/install/dss_ros2_bridge/lib'
[5.823s] Level 1:colcon.colcon_core.shell:create_environment_hook('dss_ros2_bridge', 'ld_library_path_lib')
[5.823s] INFO:colcon.colcon_core.shell:Creating environment hook '/home/tukorea/ros2_ws/install/dss_ros2_bridge/share/dss_ros2_bridge/hook/ld_library_path_lib.ps1'
[5.823s] INFO:colcon.colcon_core.shell:Creating environment descriptor '/home/tukorea/ros2_ws/install/dss_ros2_bridge/share/dss_ros2_bridge/hook/ld_library_path_lib.dsv'
[5.823s] INFO:colcon.colcon_core.shell:Creating environment hook '/home/tukorea/ros2_ws/install/dss_ros2_bridge/share/dss_ros2_bridge/hook/ld_library_path_lib.sh'
[5.823s] Level 1:colcon.colcon_core.environment:checking '/home/tukorea/ros2_ws/install/dss_ros2_bridge/bin'
[5.823s] Level 1:colcon.colcon_core.environment:checking '/home/tukorea/ros2_ws/install/dss_ros2_bridge/lib/pkgconfig/dss_ros2_bridge.pc'
[5.823s] Level 1:colcon.colcon_core.environment:checking '/home/tukorea/ros2_ws/install/dss_ros2_bridge/lib/python3.10/site-packages'
[5.824s] Level 1:colcon.colcon_core.environment:checking '/home/tukorea/ros2_ws/install/dss_ros2_bridge/bin'
[5.824s] INFO:colcon.colcon_core.shell:Creating package script '/home/tukorea/ros2_ws/install/dss_ros2_bridge/share/dss_ros2_bridge/package.ps1'
[5.824s] INFO:colcon.colcon_core.shell:Creating package descriptor '/home/tukorea/ros2_ws/install/dss_ros2_bridge/share/dss_ros2_bridge/package.dsv'
[5.824s] INFO:colcon.colcon_core.shell:Creating package script '/home/tukorea/ros2_ws/install/dss_ros2_bridge/share/dss_ros2_bridge/package.sh'
[5.824s] INFO:colcon.colcon_core.shell:Creating package script '/home/tukorea/ros2_ws/install/dss_ros2_bridge/share/dss_ros2_bridge/package.bash'
[5.824s] INFO:colcon.colcon_core.shell:Creating package script '/home/tukorea/ros2_ws/install/dss_ros2_bridge/share/dss_ros2_bridge/package.zsh'
[5.825s] Level 1:colcon.colcon_core.environment:create_file_with_runtime_dependencies(/home/tukorea/ros2_ws/install/dss_ros2_bridge/share/colcon-core/packages/dss_ros2_bridge)
[5.825s] DEBUG:colcon.colcon_parallel_executor.executor.parallel:closing loop
[5.825s] DEBUG:colcon.colcon_parallel_executor.executor.parallel:loop closed
[5.825s] DEBUG:colcon.colcon_parallel_executor.executor.parallel:run_until_complete finished with '0'
[5.825s] DEBUG:colcon.colcon_core.event_reactor:joining thread
[5.841s] INFO:colcon.colcon_core.plugin_system:Skipping extension 'colcon_notification.desktop_notification.notify_send': Could not find 'notify-send'
[5.841s] INFO:colcon.colcon_core.plugin_system:Skipping extension 'colcon_notification.desktop_notification.terminal_notifier': Not used on non-Darwin systems
[5.841s] INFO:colcon.colcon_core.plugin_system:Skipping extension 'colcon_notification.desktop_notification.win32': Not used on non-Windows systems
[5.841s] INFO:colcon.colcon_notification.desktop_notification:Sending desktop notification using 'notify2'
[5.841s] DEBUG:colcon.colcon_notification.desktop_notification.notify2:Failed to initialize notify2: org.freedesktop.DBus.Error.FileNotFound: Failed to connect to socket /run/user/1000/bus: No such file or directory
[5.841s] DEBUG:colcon.colcon_core.event_reactor:joined thread
[5.841s] INFO:colcon.colcon_core.shell:Creating prefix script '/home/tukorea/ros2_ws/install/local_setup.ps1'
[5.842s] INFO:colcon.colcon_core.shell:Creating prefix util module '/home/tukorea/ros2_ws/install/_local_setup_util_ps1.py'
[5.842s] INFO:colcon.colcon_core.shell:Creating prefix chain script '/home/tukorea/ros2_ws/install/setup.ps1'
[5.843s] INFO:colcon.colcon_core.shell:Creating prefix script '/home/tukorea/ros2_ws/install/local_setup.sh'
[5.844s] INFO:colcon.colcon_core.shell:Creating prefix util module '/home/tukorea/ros2_ws/install/_local_setup_util_sh.py'
[5.844s] INFO:colcon.colcon_core.shell:Creating prefix chain script '/home/tukorea/ros2_ws/install/setup.sh'
[5.845s] INFO:colcon.colcon_core.shell:Creating prefix script '/home/tukorea/ros2_ws/install/local_setup.bash'
[5.845s] INFO:colcon.colcon_core.shell:Creating prefix chain script '/home/tukorea/ros2_ws/install/setup.bash'
[5.846s] INFO:colcon.colcon_core.shell:Creating prefix script '/home/tukorea/ros2_ws/install/local_setup.zsh'
[5.846s] INFO:colcon.colcon_core.shell:Creating prefix chain script '/home/tukorea/ros2_ws/install/setup.zsh'
